TN:
SF:books/api.js
FN:30,(anonymous_0)
FN:43,(anonymous_1)
FN:53,(anonymous_2)
FN:63,(anonymous_3)
FN:73,(anonymous_4)
FNF:5
FNH:0
FNDA:0,(anonymous_0)
FNDA:0,(anonymous_1)
FNDA:0,(anonymous_2)
FNDA:0,(anonymous_3)
FNDA:0,(anonymous_4)
DA:16,1
DA:17,1
DA:18,1
DA:20,1
DA:23,1
DA:30,1
DA:31,0
DA:32,0
DA:43,1
DA:44,0
DA:45,0
DA:53,1
DA:54,0
DA:55,0
DA:63,1
DA:64,0
DA:65,0
DA:73,1
DA:74,0
DA:75,0
DA:78,1
LF:21
LH:11
BRF:0
BRH:0
end_of_record
TN:
SF:books/crud.js
FN:27,(anonymous_0)
FN:37,(anonymous_1)
FN:50,(anonymous_2)
FN:66,(anonymous_3)
FN:86,(anonymous_4)
FN:103,(anonymous_5)
FN:122,(anonymous_6)
FN:134,(anonymous_7)
FNF:8
FNH:3
FNDA:2,(anonymous_0)
FNDA:1,(anonymous_1)
FNDA:1,(anonymous_2)
FNDA:0,(anonymous_3)
FNDA:0,(anonymous_4)
FNDA:0,(anonymous_5)
FNDA:0,(anonymous_6)
FNDA:0,(anonymous_7)
DA:16,1
DA:17,1
DA:18,1
DA:19,1
DA:21,1
DA:24,1
DA:27,1
DA:28,2
DA:29,2
DA:37,1
DA:38,1
DA:39,0
DA:50,1
DA:51,1
DA:62,1
DA:67,0
DA:71,0
DA:72,0
DA:76,0
DA:77,0
DA:86,1
DA:87,0
DA:88,0
DA:99,1
DA:104,0
DA:108,0
DA:109,0
DA:112,0
DA:113,0
DA:122,1
DA:123,0
DA:124,0
DA:134,1
DA:135,0
DA:136,0
DA:139,1
LF:36
LH:19
BRDA:71,0,0,0
BRDA:71,0,1,0
BRDA:71,1,0,0
BRDA:71,1,1,0
BRDA:108,2,0,0
BRDA:108,2,1,0
BRDA:108,3,0,0
BRDA:108,3,1,0
BRF:8
BRH:0
end_of_record
TN:
SF:books/firestore.js
FN:25,list
FN:40,(anonymous_1)
FN:54,update
FN:68,create
FN:73,read
FN:83,_delete
FNF:6
FNH:1
FNDA:1,list
FNDA:0,(anonymous_1)
FNDA:0,update
FNDA:0,create
FNDA:0,read
FNDA:0,_delete
DA:17,1
DA:19,1
DA:20,1
DA:26,1
DA:33,0
DA:34,0
DA:39,0
DA:40,0
DA:41,0
DA:42,0
DA:43,0
DA:45,0
DA:47,0
DA:56,0
DA:57,0
DA:59,0
DA:62,0
DA:63,0
DA:64,0
DA:65,0
DA:69,0
DA:74,0
DA:76,0
DA:77,0
DA:79,0
DA:84,0
DA:87,1
LF:27
LH:5
BRDA:29,0,0,1
BRDA:29,0,1,1
BRDA:33,1,0,0
BRDA:33,1,1,0
BRDA:49,2,0,0
BRDA:49,2,1,0
BRDA:56,3,0,0
BRDA:56,3,1,0
BRDA:76,4,0,0
BRDA:76,4,1,0
BRF:10
BRH:2
end_of_record
TN:
SF:lib/images.js
FN:30,getPublicUrl
FN:40,sendUploadToGCS
FN:55,(anonymous_2)
FN:60,(anonymous_3)
FNF:4
FNH:0
FNDA:0,getPublicUrl
FNDA:0,sendUploadToGCS
FNDA:0,(anonymous_2)
FNDA:0,(anonymous_3)
DA:16,1
DA:17,1
DA:20,1
DA:22,1
DA:23,1
DA:31,0
DA:41,0
DA:42,0
DA:45,0
DA:46,0
DA:48,0
DA:55,0
DA:56,0
DA:57,0
DA:60,0
DA:61,0
DA:62,0
DA:63,0
DA:64,0
DA:67,0
DA:75,1
DA:76,1
DA:84,1
LF:23
LH:8
BRDA:41,0,0,0
BRDA:41,0,1,0
BRF:2
BRH:0
end_of_record
